c:\users\msi\desktop\jusin\4_d2d\3rdtp\3rdtp\debug\3rdtp.pch
c:\users\msi\desktop\jusin\4_d2d\3rdtp\3rdtp\debug\vc140.pdb
c:\users\msi\desktop\jusin\4_d2d\3rdtp\3rdtp\debug\vc140.idb
c:\users\msi\desktop\jusin\4_d2d\3rdtp\3rdtp\debug\stdafx.obj
c:\users\msi\desktop\jusin\4_d2d\3rdtp\3rdtp\debug\3rdtp.obj
c:\users\msi\desktop\jusin\4_d2d\3rdtp\3rdtp\debug\bitmapmgr.obj
c:\users\msi\desktop\jusin\4_d2d\3rdtp\3rdtp\debug\brick.obj
c:\users\msi\desktop\jusin\4_d2d\3rdtp\3rdtp\debug\collisionmgr.obj
c:\users\msi\desktop\jusin\4_d2d\3rdtp\3rdtp\debug\keymgr.obj
c:\users\msi\desktop\jusin\4_d2d\3rdtp\3rdtp\debug\line.obj
c:\users\msi\desktop\jusin\4_d2d\3rdtp\3rdtp\debug\linemgr.obj
c:\users\msi\desktop\jusin\4_d2d\3rdtp\3rdtp\debug\maingame.obj
c:\users\msi\desktop\jusin\4_d2d\3rdtp\3rdtp\debug\mapmgr.obj
c:\users\msi\desktop\jusin\4_d2d\3rdtp\3rdtp\debug\mybitmap.obj
c:\users\msi\desktop\jusin\4_d2d\3rdtp\3rdtp\debug\obj.obj
c:\users\msi\desktop\jusin\4_d2d\3rdtp\3rdtp\debug\player.obj
c:\users\msi\desktop\jusin\4_d2d\3rdtp\3rdtp\debug\scene.obj
c:\users\msi\desktop\jusin\4_d2d\3rdtp\3rdtp\debug\scenemgr.obj
c:\users\msi\desktop\jusin\4_d2d\3rdtp\3rdtp\debug\scrollmgr.obj
c:\users\msi\desktop\jusin\4_d2d\3rdtp\3rdtp\debug\soundmgr.obj
c:\users\msi\desktop\jusin\4_d2d\3rdtp\3rdtp\debug\spike.obj
c:\users\msi\desktop\jusin\4_d2d\3rdtp\3rdtp\debug\stage1.obj
c:\users\msi\desktop\jusin\4_d2d\3rdtp\3rdtp\debug\teemo.obj
c:\users\msi\desktop\jusin\4_d2d\3rdtp\3rdtp\debug\wire.obj
c:\users\msi\desktop\jusin\4_d2d\3rdtp\debug\3rdtp.ilk
c:\users\msi\desktop\jusin\4_d2d\3rdtp\debug\3rdtp.exe
c:\users\msi\desktop\jusin\4_d2d\3rdtp\debug\3rdtp.pdb
c:\users\msi\desktop\jusin\4_d2d\3rdtp\3rdtp\debug\3rdtp.res
c:\users\msi\desktop\jusin\4_d2d\3rdtp\3rdtp\debug\3rdtp.tlog\cl.command.1.tlog
c:\users\msi\desktop\jusin\4_d2d\3rdtp\3rdtp\debug\3rdtp.tlog\cl.read.1.tlog
c:\users\msi\desktop\jusin\4_d2d\3rdtp\3rdtp\debug\3rdtp.tlog\cl.write.1.tlog
c:\users\msi\desktop\jusin\4_d2d\3rdtp\3rdtp\debug\3rdtp.tlog\link.command.1.tlog
c:\users\msi\desktop\jusin\4_d2d\3rdtp\3rdtp\debug\3rdtp.tlog\link.read.1.tlog
c:\users\msi\desktop\jusin\4_d2d\3rdtp\3rdtp\debug\3rdtp.tlog\link.write.1.tlog
c:\users\msi\desktop\jusin\4_d2d\3rdtp\3rdtp\debug\3rdtp.tlog\rc.command.1.tlog
c:\users\msi\desktop\jusin\4_d2d\3rdtp\3rdtp\debug\3rdtp.tlog\rc.read.1.tlog
c:\users\msi\desktop\jusin\4_d2d\3rdtp\3rdtp\debug\3rdtp.tlog\rc.write.1.tlog
